<?xml version="1.0" encoding="UTF-8"?>
<!-- Generated by org.testng.reporters.JUnitReportReporter -->
<testsuite skipped="0" hostname="newusers-MacBook-Pro.local" name="com.qa.salesforce.tests.LoginPageTest" tests="3" failures="0" timestamp="2020-08-12T15:26:03 EDT" time="2.502" errors="0">
  <testcase name="doLoginPageTest" time="2.083" classname="com.qa.salesforce.tests.LoginPageTest"/>
  <system-out/>
  <testcase name="verifyLoginPageTitle" time="0.132" classname="com.qa.salesforce.tests.LoginPageTest"/>
  <system-out/>
  <testcase name="verifyErrorMessageTest" time="0.287" classname="com.qa.salesforce.tests.LoginPageTest"/>
  <system-out/>
</testsuite> <!-- com.qa.salesforce.tests.LoginPageTest -->
