<?xml version="1.0" encoding="UTF-8"?>
<!-- Generated by org.testng.reporters.JUnitReportReporter -->
<testsuite skipped="0" hostname="newusers-MacBook-Pro.local" name="com.qa.ispearbetter.tests.LoginPageTest" tests="2" failures="0" timestamp="2020-08-15T04:59:00 EDT" time="10.425" errors="0">
  <testcase name="doLoginPageTest" time="7.392" classname="com.qa.ispearbetter.tests.LoginPageTest"/>
  <system-out/>
  <testcase name="verifyErrorMessage" time="3.033" classname="com.qa.ispearbetter.tests.LoginPageTest"/>
  <system-out/>
</testsuite> <!-- com.qa.ispearbetter.tests.LoginPageTest -->
