<?xml version="1.0" encoding="UTF-8"?>
<!-- Generated by org.testng.reporters.JUnitReportReporter -->
<testsuite skipped="1" hostname="newusers-MacBook-Pro.local" name="com.qa.ispearbetter.tests.HomePageTest" tests="4" failures="0" timestamp="2020-08-15T05:07:30 EDT" time="8.229" errors="0">
  <testcase name="verifyHomePageHeaderMessage" time="3.064" classname="com.qa.ispearbetter.tests.HomePageTest"/>
  <system-out/>
  <testcase name="verifyLoginPageTitle" time="0.018" classname="com.qa.ispearbetter.tests.HomePageTest"/>
  <system-out/>
  <testcase name="doChatButton" time="5.147" classname="com.qa.ispearbetter.tests.HomePageTest"/>
  <system-out/>
  <testcase name="verifyChatBoxHeader" classname="com.qa.ispearbetter.tests.HomePageTest">
    <skipped/>
  </testcase> <!-- verifyChatBoxHeader -->
  <system-out/>
</testsuite> <!-- com.qa.ispearbetter.tests.HomePageTest -->
